<?xml version="1.0" encoding="UTF-8"?>
<!-- Generated by org.testng.reporters.JUnitXMLReporter -->
<testsuite hostname="GS-2657" ignored="0" name="Command line test" tests="3" failures="0" timestamp="2020-05-08T18:03:23 IST" time="2.799" errors="0">
  <testcase name="runScenario" time="2.208" classname="io.cucumber.testng.AbstractTestNGCucumberTests"/>
  <testcase name="runScenario" time="0.206" classname="io.cucumber.testng.AbstractTestNGCucumberTests"/>
  <testcase name="f" time="0.0" classname="NewTest"/>
</testsuite> <!-- Command line test -->
