<?xml version="1.0" encoding="UTF-8"?>
<testng-results ignored="0" total="1" passed="1" failed="0" skipped="0">
  <reporter-output>
  </reporter-output>
  <suite started-at="2020-05-08T17:27:32 IST" name="Default suite" finished-at="2020-05-08T17:27:34 IST" duration-ms="2158">
    <groups>
      <group name="cucumber">
        <method signature="AbstractTestNGCucumberTests.runScenario(io.cucumber.testng.PickleWrapper, io.cucumber.testng.FeatureWrapper)[pri:0, instance:com.restassured.testrunner.TestRunner@6e0dec4a]" name="runScenario" class="io.cucumber.testng.AbstractTestNGCucumberTests"/>
      </group> <!-- cucumber -->
    </groups>
    <test started-at="2020-05-08T17:27:32 IST" name="Default test" finished-at="2020-05-08T17:27:34 IST" duration-ms="2158">
      <class name="com.restassured.testrunner.TestRunner">
        <test-method is-config="true" signature="setUpClass()[pri:0, instance:com.restassured.testrunner.TestRunner@6e0dec4a]" started-at="2020-05-08T17:27:32 IST" name="setUpClass" finished-at="2020-05-08T17:27:32 IST" duration-ms="181" status="PASS">
          <reporter-output>
          </reporter-output>
        </test-method> <!-- setUpClass -->
        <test-method signature="runScenario(io.cucumber.testng.PickleWrapper, io.cucumber.testng.FeatureWrapper)[pri:0, instance:com.restassured.testrunner.TestRunner@6e0dec4a]" started-at="2020-05-08T17:27:32 IST" name="runScenario" description="Runs Cucumber Scenarios" data-provider="scenarios" finished-at="2020-05-08T17:27:34 IST" duration-ms="1953" status="PASS">
          <params>
            <param index="0">
              <value>
                <![CDATA["Verify if delete place functionality working fine or not"]]>
              </value>
            </param>
            <param index="1">
              <value>
                <![CDATA["Validating  Place API"]]>
              </value>
            </param>
          </params>
          <reporter-output>
          </reporter-output>
        </test-method> <!-- runScenario -->
        <test-method is-config="true" signature="tearDownClass()[pri:0, instance:com.restassured.testrunner.TestRunner@6e0dec4a]" started-at="2020-05-08T17:27:34 IST" name="tearDownClass" finished-at="2020-05-08T17:27:34 IST" duration-ms="1" status="PASS">
          <reporter-output>
          </reporter-output>
        </test-method> <!-- tearDownClass -->
      </class> <!-- com.restassured.testrunner.TestRunner -->
    </test> <!-- Default test -->
  </suite> <!-- Default suite -->
</testng-results>
